[debug] [2020-11-08T13:40:21.455Z] ----------------------------------------------------------------------
[debug] [2020-11-08T13:40:21.457Z] Command:       /usr/local/bin/node /usr/local/bin/firebase emulators:start
[debug] [2020-11-08T13:40:21.457Z] CLI Version:   8.12.1
[debug] [2020-11-08T13:40:21.457Z] Platform:      darwin
[debug] [2020-11-08T13:40:21.457Z] Node Version:  v13.11.0
[debug] [2020-11-08T13:40:21.462Z] Time:          Sun Nov 08 2020 08:40:21 GMT-0500 (Eastern Standard Time)
[debug] [2020-11-08T13:40:21.462Z] ----------------------------------------------------------------------
[debug] [2020-11-08T13:40:21.462Z] 
[debug] [2020-11-08T13:40:21.471Z] > command requires scopes: ["email","openid","https://www.googleapis.com/auth/cloudplatformprojects.readonly","https://www.googleapis.com/auth/firebase","https://www.googleapis.com/auth/cloud-platform"]
[debug] [2020-11-08T13:40:21.471Z] > authorizing via signed-in user
[info] i  emulators: Starting emulators: functions, hosting {"metadata":{"emulator":{"name":"hub"},"message":"Starting emulators: functions, hosting"}}
[debug] [2020-11-08T13:40:21.489Z] [hub] writing locator at /var/folders/w0/b8_5n8b50b775htlh0_32vs40000gn/T/hub-clone-fac52.json
[warn] ⚠  functions: The following emulators are not running, calls to these services from the Functions emulator will affect production: auth, firestore, database, pubsub {"metadata":{"emulator":{"name":"functions"},"message":"The following emulators are not running, calls to these services from the Functions emulator will affect production: \u001b[1mauth, firestore, database, pubsub\u001b[22m"}}
[warn] ⚠  Your requested "node" version "10" doesn't match your global version "13" {"metadata":{"emulator":{"name":"functions"},"message":"Your requested \"node\" version \"10\" doesn't match your global version \"13\""}}
[debug] [2020-11-08T13:40:21.504Z] defaultcredentials: writing to file /Users/noel/.config/firebase/noel_arzola_gmail.com_application_default_credentials.json
[debug] [2020-11-08T13:40:21.513Z] Setting GAC to /Users/noel/.config/firebase/noel_arzola_gmail.com_application_default_credentials.json {"metadata":{"emulator":{"name":"functions"},"message":"Setting GAC to /Users/noel/.config/firebase/noel_arzola_gmail.com_application_default_credentials.json"}}
[debug] [2020-11-08T13:40:21.520Z] > refreshing access token with scopes: ["email","https://www.googleapis.com/auth/cloud-platform","https://www.googleapis.com/auth/cloudplatformprojects.readonly","https://www.googleapis.com/auth/firebase","openid"]
[debug] [2020-11-08T13:40:21.520Z] >>> HTTP REQUEST POST https://www.googleapis.com/oauth2/v3/token  
 <request body omitted>
[debug] [2020-11-08T13:40:21.909Z] <<< HTTP RESPONSE 200 {"cache-control":"no-cache, no-store, max-age=0, must-revalidate","pragma":"no-cache","date":"Sun, 08 Nov 2020 13:40:21 GMT","expires":"Mon, 01 Jan 1990 00:00:00 GMT","content-type":"application/json; charset=utf-8","vary":"X-Origin, Referer, Origin,Accept-Encoding","server":"scaffolding on HTTPServer2","x-xss-protection":"0","x-frame-options":"SAMEORIGIN","x-content-type-options":"nosniff","alt-svc":"h3-Q050=\":443\"; ma=2592000,h3-29=\":443\"; ma=2592000,h3-T051=\":443\"; ma=2592000,h3-T050=\":443\"; ma=2592000,h3-Q046=\":443\"; ma=2592000,h3-Q043=\":443\"; ma=2592000,quic=\":443\"; ma=2592000; v=\"46,43\"","accept-ranges":"none","transfer-encoding":"chunked"}
[debug] [2020-11-08T13:40:21.934Z] >>> HTTP REQUEST GET https://firebase.googleapis.com/v1beta1/projects/clone-fac52/webApps/-/config  
 
[debug] [2020-11-08T13:40:22.519Z] <<< HTTP RESPONSE 200 {"content-type":"application/json; charset=UTF-8","vary":"X-Origin, Referer, Origin,Accept-Encoding","date":"Sun, 08 Nov 2020 13:40:22 GMT","server":"ESF","cache-control":"private","x-xss-protection":"0","x-frame-options":"SAMEORIGIN","x-content-type-options":"nosniff","alt-svc":"h3-Q050=\":443\"; ma=2592000,h3-29=\":443\"; ma=2592000,h3-T051=\":443\"; ma=2592000,h3-T050=\":443\"; ma=2592000,h3-Q046=\":443\"; ma=2592000,h3-Q043=\":443\"; ma=2592000,quic=\":443\"; ma=2592000; v=\"46,43\"","accept-ranges":"none","transfer-encoding":"chunked"}
[info] i  hosting: Serving hosting files from: build {"metadata":{"emulator":{"name":"hosting"},"message":"Serving hosting files from: \u001b[1mbuild\u001b[22m"}}
[info] ✔  hosting: Local server: http://localhost:5000 {"metadata":{"emulator":{"name":"hosting"},"message":"Local server: \u001b[4m\u001b[1mhttp://localhost:5000\u001b[22m\u001b[24m"}}
[debug] [2020-11-08T13:40:22.832Z] Ignoring unsupported arg: auto_download {"metadata":{"emulator":{"name":"ui"},"message":"Ignoring unsupported arg: auto_download"}}
[debug] [2020-11-08T13:40:22.832Z] Ignoring unsupported arg: port {"metadata":{"emulator":{"name":"ui"},"message":"Ignoring unsupported arg: port"}}
[debug] [2020-11-08T13:40:22.832Z] Starting Emulator UI with command {"binary":"node","args":["/Users/noel/.cache/firebase/emulators/ui-v1.1.1/server.bundle.js"],"optionalArgs":[],"joinArgs":false} {"metadata":{"emulator":{"name":"ui"},"message":"Starting Emulator UI with command {\"binary\":\"node\",\"args\":[\"/Users/noel/.cache/firebase/emulators/ui-v1.1.1/server.bundle.js\"],\"optionalArgs\":[],\"joinArgs\":false}"}}
[info] i  ui: Emulator UI logging to ui-debug.log {"metadata":{"emulator":{"name":"ui"},"message":"Emulator UI logging to \u001b[1mui-debug.log\u001b[22m"}}
[debug] [2020-11-08T13:40:22.923Z] Web / API server started at http://localhost:4000
 {"metadata":{"emulator":{"name":"ui"},"message":"Web / API server started at http://localhost:4000\n"}}
[info] i  functions: Watching "/Users/noel/amazon-clone/functions" for Cloud Functions... {"metadata":{"emulator":{"name":"functions"},"message":"Watching \"/Users/noel/amazon-clone/functions\" for Cloud Functions..."}}
[debug] [2020-11-08T13:40:23.114Z] [worker-pool] addWorker(~diagnostic~) {"metadata":{"emulator":{"name":"functions"},"message":"[worker-pool] addWorker(~diagnostic~)"}}
[debug] [2020-11-08T13:40:23.115Z] [worker-pool] Adding worker with key ~diagnostic~, total=1 {"metadata":{"emulator":{"name":"functions"},"message":"[worker-pool] Adding worker with key ~diagnostic~, total=1"}}
[debug] [2020-11-08T13:40:23.116Z] [worker-pool] submitWork(triggerId=) {"metadata":{"emulator":{"name":"functions"},"message":"[worker-pool] submitWork(triggerId=)"}}
[debug] [2020-11-08T13:40:23.118Z] [worker-~diagnostic~-b32eb4de-1865-4e55-b856-bf62127d08c2]: Assigning socketPath: /var/folders/w0/b8_5n8b50b775htlh0_32vs40000gn/T/fire_emu_1761.sock {"metadata":{"emulator":{"name":"functions"},"message":"[worker-~diagnostic~-b32eb4de-1865-4e55-b856-bf62127d08c2]: Assigning socketPath: /var/folders/w0/b8_5n8b50b775htlh0_32vs40000gn/T/fire_emu_1761.sock"}}
[debug] [2020-11-08T13:40:23.118Z] [worker-~diagnostic~-b32eb4de-1865-4e55-b856-bf62127d08c2]: BUSY {"metadata":{"emulator":{"name":"functions"},"message":"[worker-~diagnostic~-b32eb4de-1865-4e55-b856-bf62127d08c2]: BUSY"}}
[debug] [2020-11-08T13:40:23.364Z] [runtime-status] [1761] Functions runtime initialized. {"cwd":"/Users/noel/amazon-clone/functions","node_version":"13.11.0"} {"metadata":{"emulator":{"name":"functions"},"message":"[runtime-status] [1761] Functions runtime initialized. {\"cwd\":\"/Users/noel/amazon-clone/functions\",\"node_version\":\"13.11.0\"}"}}
[debug] [2020-11-08T13:40:23.364Z] [runtime-status] [1761] Disabled runtime features: undefined {"metadata":{"emulator":{"name":"functions"},"message":"[runtime-status] [1761] Disabled runtime features: undefined"}}
[debug] [2020-11-08T13:40:23.370Z] [runtime-status] [1761] Resolved module firebase-admin {"declared":true,"installed":true,"version":"8.13.0","resolution":"/Users/noel/amazon-clone/functions/node_modules/firebase-admin/lib/index.js"} {"metadata":{"emulator":{"name":"functions"},"message":"[runtime-status] [1761] Resolved module firebase-admin {\"declared\":true,\"installed\":true,\"version\":\"8.13.0\",\"resolution\":\"/Users/noel/amazon-clone/functions/node_modules/firebase-admin/lib/index.js\"}"}}
[debug] [2020-11-08T13:40:23.373Z] [runtime-status] [1761] Resolved module firebase-functions {"declared":true,"installed":true,"version":"3.11.0","resolution":"/Users/noel/amazon-clone/functions/node_modules/firebase-functions/lib/index.js"} {"metadata":{"emulator":{"name":"functions"},"message":"[runtime-status] [1761] Resolved module firebase-functions {\"declared\":true,\"installed\":true,\"version\":\"3.11.0\",\"resolution\":\"/Users/noel/amazon-clone/functions/node_modules/firebase-functions/lib/index.js\"}"}}
[debug] [2020-11-08T13:40:23.375Z] [runtime-status] [1761] Resolved module firebase-functions {"declared":true,"installed":true,"version":"3.11.0","resolution":"/Users/noel/amazon-clone/functions/node_modules/firebase-functions/lib/index.js"} {"metadata":{"emulator":{"name":"functions"},"message":"[runtime-status] [1761] Resolved module firebase-functions {\"declared\":true,\"installed\":true,\"version\":\"3.11.0\",\"resolution\":\"/Users/noel/amazon-clone/functions/node_modules/firebase-functions/lib/index.js\"}"}}
[debug] [2020-11-08T13:40:23.377Z] [runtime-status] [1761] Outgoing network have been stubbed. [{"name":"http","status":"mocked"},{"name":"http","status":"mocked"},{"name":"https","status":"mocked"},{"name":"https","status":"mocked"},{"name":"net","status":"mocked"}] {"metadata":{"emulator":{"name":"functions"},"message":"[runtime-status] [1761] Outgoing network have been stubbed. [{\"name\":\"http\",\"status\":\"mocked\"},{\"name\":\"http\",\"status\":\"mocked\"},{\"name\":\"https\",\"status\":\"mocked\"},{\"name\":\"https\",\"status\":\"mocked\"},{\"name\":\"net\",\"status\":\"mocked\"}]"}}
[debug] [2020-11-08T13:40:23.377Z] [runtime-status] [1761] Resolved module firebase-functions {"declared":true,"installed":true,"version":"3.11.0","resolution":"/Users/noel/amazon-clone/functions/node_modules/firebase-functions/lib/index.js"} {"metadata":{"emulator":{"name":"functions"},"message":"[runtime-status] [1761] Resolved module firebase-functions {\"declared\":true,\"installed\":true,\"version\":\"3.11.0\",\"resolution\":\"/Users/noel/amazon-clone/functions/node_modules/firebase-functions/lib/index.js\"}"}}
[debug] [2020-11-08T13:40:23.473Z] [runtime-status] [1761] Checked functions.config() {"config":{}} {"metadata":{"emulator":{"name":"functions"},"message":"[runtime-status] [1761] Checked functions.config() {\"config\":{}}"}}
[debug] [2020-11-08T13:40:23.473Z] [runtime-status] [1761] firebase-functions has been stubbed. {"functionsResolution":{"declared":true,"installed":true,"version":"3.11.0","resolution":"/Users/noel/amazon-clone/functions/node_modules/firebase-functions/lib/index.js"}} {"metadata":{"emulator":{"name":"functions"},"message":"[runtime-status] [1761] firebase-functions has been stubbed. {\"functionsResolution\":{\"declared\":true,\"installed\":true,\"version\":\"3.11.0\",\"resolution\":\"/Users/noel/amazon-clone/functions/node_modules/firebase-functions/lib/index.js\"}}"}}
[debug] [2020-11-08T13:40:23.473Z] [runtime-status] [1761] Resolved module firebase-functions {"declared":true,"installed":true,"version":"3.11.0","resolution":"/Users/noel/amazon-clone/functions/node_modules/firebase-functions/lib/index.js"} {"metadata":{"emulator":{"name":"functions"},"message":"[runtime-status] [1761] Resolved module firebase-functions {\"declared\":true,\"installed\":true,\"version\":\"3.11.0\",\"resolution\":\"/Users/noel/amazon-clone/functions/node_modules/firebase-functions/lib/index.js\"}"}}
[debug] [2020-11-08T13:40:23.474Z] [runtime-status] [1761] Resolved module firebase-admin {"declared":true,"installed":true,"version":"8.13.0","resolution":"/Users/noel/amazon-clone/functions/node_modules/firebase-admin/lib/index.js"} {"metadata":{"emulator":{"name":"functions"},"message":"[runtime-status] [1761] Resolved module firebase-admin {\"declared\":true,\"installed\":true,\"version\":\"8.13.0\",\"resolution\":\"/Users/noel/amazon-clone/functions/node_modules/firebase-admin/lib/index.js\"}"}}
[debug] [2020-11-08T13:40:23.475Z] [runtime-status] [1761] Resolved module firebase-functions {"declared":true,"installed":true,"version":"3.11.0","resolution":"/Users/noel/amazon-clone/functions/node_modules/firebase-functions/lib/index.js"} {"metadata":{"emulator":{"name":"functions"},"message":"[runtime-status] [1761] Resolved module firebase-functions {\"declared\":true,\"installed\":true,\"version\":\"3.11.0\",\"resolution\":\"/Users/noel/amazon-clone/functions/node_modules/firebase-functions/lib/index.js\"}"}}
[debug] [2020-11-08T13:40:23.475Z] [runtime-status] [1761] firebase-admin has been stubbed. {"adminResolution":{"declared":true,"installed":true,"version":"8.13.0","resolution":"/Users/noel/amazon-clone/functions/node_modules/firebase-admin/lib/index.js"}} {"metadata":{"emulator":{"name":"functions"},"message":"[runtime-status] [1761] firebase-admin has been stubbed. {\"adminResolution\":{\"declared\":true,\"installed\":true,\"version\":\"8.13.0\",\"resolution\":\"/Users/noel/amazon-clone/functions/node_modules/firebase-admin/lib/index.js\"}}"}}
[info] ✔  functions[api]: http function initialized (http://localhost:5001/clone-fac52/us-central1/api). {"metadata":{"emulator":{"name":"functions"},"message":"\u001b[1mhttp\u001b[22m function initialized (http://localhost:5001/clone-fac52/us-central1/api)."}}
[info] 
┌───────────────────────────────────────────────────────────────────────┐
│ ✔  All emulators ready! View status and logs at http://localhost:4000 │
└───────────────────────────────────────────────────────────────────────┘

┌───────────┬────────────────┬─────────────────────────────────┐
│ Emulator  │ Host:Port      │ View in Emulator UI             │
├───────────┼────────────────┼─────────────────────────────────┤
│ Functions │ localhost:5001 │ http://localhost:4000/functions │
├───────────┼────────────────┼─────────────────────────────────┤
│ Hosting   │ localhost:5000 │ n/a                             │
└───────────┴────────────────┴─────────────────────────────────┘
  Other reserved ports: 4400, 4500

Issues? Report them at https://github.com/firebase/firebase-tools/issues and attach the *-debug.log files.
 
[debug] [2020-11-08T13:40:23.674Z] [worker-~diagnostic~-b32eb4de-1865-4e55-b856-bf62127d08c2]: IDLE {"metadata":{"emulator":{"name":"functions"},"message":"[worker-~diagnostic~-b32eb4de-1865-4e55-b856-bf62127d08c2]: IDLE"}}
[debug] [2020-11-08T13:48:04.571Z] Functions emulator received unknown request at path /favicon.ico
[info] i  hosting: 127.0.0.1 - - [08/Nov/2020:13:48:05 +0000] "GET /static/css/main.4b15f2d5.chunk.css HTTP/1.1" 200 4722 "http://localhost:5000/" "Mozilla/5.0 (Macintosh; Intel Mac OS X 11_0_0) AppleWebKit/537.36 (KHTML, like Gecko) Chrome/86.0.4240.183 Safari/537.36" {"metadata":{"emulator":{"name":"hosting"},"message":"127.0.0.1 - - [08/Nov/2020:13:48:05 +0000] \"GET /static/css/main.4b15f2d5.chunk.css HTTP/1.1\" 200 4722 \"http://localhost:5000/\" \"Mozilla/5.0 (Macintosh; Intel Mac OS X 11_0_0) AppleWebKit/537.36 (KHTML, like Gecko) Chrome/86.0.4240.183 Safari/537.36\""}}
[info] i  hosting: 127.0.0.1 - - [08/Nov/2020:13:48:05 +0000] "GET /static/js/main.d56bc353.chunk.js HTTP/1.1" 200 13554 "http://localhost:5000/" "Mozilla/5.0 (Macintosh; Intel Mac OS X 11_0_0) AppleWebKit/537.36 (KHTML, like Gecko) Chrome/86.0.4240.183 Safari/537.36" {"metadata":{"emulator":{"name":"hosting"},"message":"127.0.0.1 - - [08/Nov/2020:13:48:05 +0000] \"GET /static/js/main.d56bc353.chunk.js HTTP/1.1\" 200 13554 \"http://localhost:5000/\" \"Mozilla/5.0 (Macintosh; Intel Mac OS X 11_0_0) AppleWebKit/537.36 (KHTML, like Gecko) Chrome/86.0.4240.183 Safari/537.36\""}}
[info] i  hosting: 127.0.0.1 - - [08/Nov/2020:13:48:05 +0000] "GET /static/js/2.4992777a.chunk.js HTTP/1.1" 200 1042962 "http://localhost:5000/" "Mozilla/5.0 (Macintosh; Intel Mac OS X 11_0_0) AppleWebKit/537.36 (KHTML, like Gecko) Chrome/86.0.4240.183 Safari/537.36" {"metadata":{"emulator":{"name":"hosting"},"message":"127.0.0.1 - - [08/Nov/2020:13:48:05 +0000] \"GET /static/js/2.4992777a.chunk.js HTTP/1.1\" 200 1042962 \"http://localhost:5000/\" \"Mozilla/5.0 (Macintosh; Intel Mac OS X 11_0_0) AppleWebKit/537.36 (KHTML, like Gecko) Chrome/86.0.4240.183 Safari/537.36\""}}
[info] i  hosting: 127.0.0.1 - - [08/Nov/2020:13:48:05 +0000] "GET /manifest.json HTTP/1.1" 200 492 "http://localhost:5000/" "Mozilla/5.0 (Macintosh; Intel Mac OS X 11_0_0) AppleWebKit/537.36 (KHTML, like Gecko) Chrome/86.0.4240.183 Safari/537.36" {"metadata":{"emulator":{"name":"hosting"},"message":"127.0.0.1 - - [08/Nov/2020:13:48:05 +0000] \"GET /manifest.json HTTP/1.1\" 200 492 \"http://localhost:5000/\" \"Mozilla/5.0 (Macintosh; Intel Mac OS X 11_0_0) AppleWebKit/537.36 (KHTML, like Gecko) Chrome/86.0.4240.183 Safari/537.36\""}}
[info] i  hosting: 127.0.0.1 - - [08/Nov/2020:13:48:05 +0000] "GET /logo192.png HTTP/1.1" 200 5347 "http://localhost:5000/" "Mozilla/5.0 (Macintosh; Intel Mac OS X 11_0_0) AppleWebKit/537.36 (KHTML, like Gecko) Chrome/86.0.4240.183 Safari/537.36" {"metadata":{"emulator":{"name":"hosting"},"message":"127.0.0.1 - - [08/Nov/2020:13:48:05 +0000] \"GET /logo192.png HTTP/1.1\" 200 5347 \"http://localhost:5000/\" \"Mozilla/5.0 (Macintosh; Intel Mac OS X 11_0_0) AppleWebKit/537.36 (KHTML, like Gecko) Chrome/86.0.4240.183 Safari/537.36\""}}
[info] i  hosting: 127.0.0.1 - - [08/Nov/2020:13:55:43 +0000] "GET /order HTTP/1.1" 200 2231 "-" "Mozilla/5.0 (Macintosh; Intel Mac OS X 11_0_0) AppleWebKit/537.36 (KHTML, like Gecko) Chrome/86.0.4240.183 Safari/537.36" {"metadata":{"emulator":{"name":"hosting"},"message":"127.0.0.1 - - [08/Nov/2020:13:55:43 +0000] \"GET /order HTTP/1.1\" 200 2231 \"-\" \"Mozilla/5.0 (Macintosh; Intel Mac OS X 11_0_0) AppleWebKit/537.36 (KHTML, like Gecko) Chrome/86.0.4240.183 Safari/537.36\""}}
[info] i  hosting: 127.0.0.1 - - [08/Nov/2020:13:55:46 +0000] "GET /orders HTTP/1.1" 200 2231 "-" "Mozilla/5.0 (Macintosh; Intel Mac OS X 11_0_0) AppleWebKit/537.36 (KHTML, like Gecko) Chrome/86.0.4240.183 Safari/537.36" {"metadata":{"emulator":{"name":"hosting"},"message":"127.0.0.1 - - [08/Nov/2020:13:55:46 +0000] \"GET /orders HTTP/1.1\" 200 2231 \"-\" \"Mozilla/5.0 (Macintosh; Intel Mac OS X 11_0_0) AppleWebKit/537.36 (KHTML, like Gecko) Chrome/86.0.4240.183 Safari/537.36\""}}
[debug] [2020-11-08T13:56:05.323Z] [work-queue] {"queueLength":1,"workRunningCount":0}
[debug] [2020-11-08T13:56:05.324Z] [work-queue] {"queueLength":0,"workRunningCount":1}
[debug] [2020-11-08T13:56:05.325Z] Accepted request POST /clone-fac52/us-central1/api/payments/create?total=11999 --> api
[debug] [2020-11-08T13:56:05.332Z] [worker-pool] addWorker(api) {"metadata":{"emulator":{"name":"functions"},"message":"[worker-pool] addWorker(api)"}}
[debug] [2020-11-08T13:56:05.333Z] [worker-pool] Adding worker with key api, total=1 {"metadata":{"emulator":{"name":"functions"},"message":"[worker-pool] Adding worker with key api, total=1"}}
[debug] [2020-11-08T13:56:05.333Z] [worker-pool] submitWork(triggerId=api) {"metadata":{"emulator":{"name":"functions"},"message":"[worker-pool] submitWork(triggerId=api)"}}
[debug] [2020-11-08T13:56:05.333Z] [worker-api-8863de2c-c63f-4e4c-b8d1-c2685e9d7709]: Assigning socketPath: /var/folders/w0/b8_5n8b50b775htlh0_32vs40000gn/T/fire_emu_2026.sock {"metadata":{"emulator":{"name":"functions"},"message":"[worker-api-8863de2c-c63f-4e4c-b8d1-c2685e9d7709]: Assigning socketPath: /var/folders/w0/b8_5n8b50b775htlh0_32vs40000gn/T/fire_emu_2026.sock"}}
[debug] [2020-11-08T13:56:05.333Z] [worker-api-8863de2c-c63f-4e4c-b8d1-c2685e9d7709]: BUSY {"metadata":{"emulator":{"name":"functions"},"message":"[worker-api-8863de2c-c63f-4e4c-b8d1-c2685e9d7709]: BUSY"}}
[debug] [2020-11-08T13:56:05.873Z] [runtime-status] [2026] Functions runtime initialized. {"cwd":"/Users/noel/amazon-clone/functions","node_version":"13.11.0"} {"metadata":{"emulator":{"name":"functions"},"function":{"name":"api"},"message":"[runtime-status] [2026] Functions runtime initialized. {\"cwd\":\"/Users/noel/amazon-clone/functions\",\"node_version\":\"13.11.0\"}"}}
[debug] [2020-11-08T13:56:05.874Z] [runtime-status] [2026] Disabled runtime features: undefined {"metadata":{"emulator":{"name":"functions"},"function":{"name":"api"},"message":"[runtime-status] [2026] Disabled runtime features: undefined"}}
[debug] [2020-11-08T13:56:05.878Z] [runtime-status] [2026] Resolved module firebase-admin {"declared":true,"installed":true,"version":"8.13.0","resolution":"/Users/noel/amazon-clone/functions/node_modules/firebase-admin/lib/index.js"} {"metadata":{"emulator":{"name":"functions"},"function":{"name":"api"},"message":"[runtime-status] [2026] Resolved module firebase-admin {\"declared\":true,\"installed\":true,\"version\":\"8.13.0\",\"resolution\":\"/Users/noel/amazon-clone/functions/node_modules/firebase-admin/lib/index.js\"}"}}
[debug] [2020-11-08T13:56:05.879Z] [runtime-status] [2026] Resolved module firebase-functions {"declared":true,"installed":true,"version":"3.11.0","resolution":"/Users/noel/amazon-clone/functions/node_modules/firebase-functions/lib/index.js"} {"metadata":{"emulator":{"name":"functions"},"function":{"name":"api"},"message":"[runtime-status] [2026] Resolved module firebase-functions {\"declared\":true,\"installed\":true,\"version\":\"3.11.0\",\"resolution\":\"/Users/noel/amazon-clone/functions/node_modules/firebase-functions/lib/index.js\"}"}}
[debug] [2020-11-08T13:56:05.880Z] [runtime-status] [2026] Resolved module firebase-functions {"declared":true,"installed":true,"version":"3.11.0","resolution":"/Users/noel/amazon-clone/functions/node_modules/firebase-functions/lib/index.js"} {"metadata":{"emulator":{"name":"functions"},"function":{"name":"api"},"message":"[runtime-status] [2026] Resolved module firebase-functions {\"declared\":true,\"installed\":true,\"version\":\"3.11.0\",\"resolution\":\"/Users/noel/amazon-clone/functions/node_modules/firebase-functions/lib/index.js\"}"}}
[debug] [2020-11-08T13:56:05.882Z] [runtime-status] [2026] Outgoing network have been stubbed. [{"name":"http","status":"mocked"},{"name":"http","status":"mocked"},{"name":"https","status":"mocked"},{"name":"https","status":"mocked"},{"name":"net","status":"mocked"}] {"metadata":{"emulator":{"name":"functions"},"function":{"name":"api"},"message":"[runtime-status] [2026] Outgoing network have been stubbed. [{\"name\":\"http\",\"status\":\"mocked\"},{\"name\":\"http\",\"status\":\"mocked\"},{\"name\":\"https\",\"status\":\"mocked\"},{\"name\":\"https\",\"status\":\"mocked\"},{\"name\":\"net\",\"status\":\"mocked\"}]"}}
[debug] [2020-11-08T13:56:05.882Z] [runtime-status] [2026] Resolved module firebase-functions {"declared":true,"installed":true,"version":"3.11.0","resolution":"/Users/noel/amazon-clone/functions/node_modules/firebase-functions/lib/index.js"} {"metadata":{"emulator":{"name":"functions"},"function":{"name":"api"},"message":"[runtime-status] [2026] Resolved module firebase-functions {\"declared\":true,\"installed\":true,\"version\":\"3.11.0\",\"resolution\":\"/Users/noel/amazon-clone/functions/node_modules/firebase-functions/lib/index.js\"}"}}
[debug] [2020-11-08T13:56:05.935Z] [runtime-status] [2026] Checked functions.config() {"config":{}} {"metadata":{"emulator":{"name":"functions"},"function":{"name":"api"},"message":"[runtime-status] [2026] Checked functions.config() {\"config\":{}}"}}
[debug] [2020-11-08T13:56:05.936Z] [runtime-status] [2026] firebase-functions has been stubbed. {"functionsResolution":{"declared":true,"installed":true,"version":"3.11.0","resolution":"/Users/noel/amazon-clone/functions/node_modules/firebase-functions/lib/index.js"}} {"metadata":{"emulator":{"name":"functions"},"function":{"name":"api"},"message":"[runtime-status] [2026] firebase-functions has been stubbed. {\"functionsResolution\":{\"declared\":true,\"installed\":true,\"version\":\"3.11.0\",\"resolution\":\"/Users/noel/amazon-clone/functions/node_modules/firebase-functions/lib/index.js\"}}"}}
[debug] [2020-11-08T13:56:05.936Z] [runtime-status] [2026] Resolved module firebase-functions {"declared":true,"installed":true,"version":"3.11.0","resolution":"/Users/noel/amazon-clone/functions/node_modules/firebase-functions/lib/index.js"} {"metadata":{"emulator":{"name":"functions"},"function":{"name":"api"},"message":"[runtime-status] [2026] Resolved module firebase-functions {\"declared\":true,\"installed\":true,\"version\":\"3.11.0\",\"resolution\":\"/Users/noel/amazon-clone/functions/node_modules/firebase-functions/lib/index.js\"}"}}
[debug] [2020-11-08T13:56:05.938Z] [runtime-status] [2026] Resolved module firebase-admin {"declared":true,"installed":true,"version":"8.13.0","resolution":"/Users/noel/amazon-clone/functions/node_modules/firebase-admin/lib/index.js"} {"metadata":{"emulator":{"name":"functions"},"function":{"name":"api"},"message":"[runtime-status] [2026] Resolved module firebase-admin {\"declared\":true,\"installed\":true,\"version\":\"8.13.0\",\"resolution\":\"/Users/noel/amazon-clone/functions/node_modules/firebase-admin/lib/index.js\"}"}}
[debug] [2020-11-08T13:56:05.938Z] [runtime-status] [2026] Resolved module firebase-functions {"declared":true,"installed":true,"version":"3.11.0","resolution":"/Users/noel/amazon-clone/functions/node_modules/firebase-functions/lib/index.js"} {"metadata":{"emulator":{"name":"functions"},"function":{"name":"api"},"message":"[runtime-status] [2026] Resolved module firebase-functions {\"declared\":true,\"installed\":true,\"version\":\"3.11.0\",\"resolution\":\"/Users/noel/amazon-clone/functions/node_modules/firebase-functions/lib/index.js\"}"}}
[debug] [2020-11-08T13:56:05.938Z] [runtime-status] [2026] firebase-admin has been stubbed. {"adminResolution":{"declared":true,"installed":true,"version":"8.13.0","resolution":"/Users/noel/amazon-clone/functions/node_modules/firebase-admin/lib/index.js"}} {"metadata":{"emulator":{"name":"functions"},"function":{"name":"api"},"message":"[runtime-status] [2026] firebase-admin has been stubbed. {\"adminResolution\":{\"declared\":true,\"installed\":true,\"version\":\"8.13.0\",\"resolution\":\"/Users/noel/amazon-clone/functions/node_modules/firebase-admin/lib/index.js\"}}"}}
[debug] [2020-11-08T13:56:06.099Z] [runtime-status] [2026] Trigger "api" has been found, beginning invocation! {"metadata":{"emulator":{"name":"functions"},"function":{"name":"api"},"message":"[runtime-status] [2026] Trigger \"api\" has been found, beginning invocation!"}}
[info] i  functions: Beginning execution of "api" {"metadata":{"emulator":{"name":"functions"},"function":{"name":"api"},"message":"Beginning execution of \"api\""}}
[debug] [2020-11-08T13:56:06.099Z] [runtime-status] [2026] triggerDefinition {"httpsTrigger":{},"name":"api","entryPoint":"api"} {"metadata":{"emulator":{"name":"functions"},"function":{"name":"api"},"message":"[runtime-status] [2026] triggerDefinition {\"httpsTrigger\":{},\"name\":\"api\",\"entryPoint\":\"api\"}"}}
[debug] [2020-11-08T13:56:06.099Z] [runtime-status] [2026] Running api in mode HTTPS {"metadata":{"emulator":{"name":"functions"},"function":{"name":"api"},"message":"[runtime-status] [2026] Running api in mode HTTPS"}}
[debug] [2020-11-08T13:56:06.103Z] [runtime-status] [2026] Attempting to listen to socketPath: /var/folders/w0/b8_5n8b50b775htlh0_32vs40000gn/T/fire_emu_2026.sock {"metadata":{"emulator":{"name":"functions"},"function":{"name":"api"},"message":"[runtime-status] [2026] Attempting to listen to socketPath: /var/folders/w0/b8_5n8b50b775htlh0_32vs40000gn/T/fire_emu_2026.sock"}}
[debug] [2020-11-08T13:56:06.106Z] [functions] Runtime ready! Sending request! {"metadata":{"emulator":{"name":"functions"},"message":"[functions] Runtime ready! Sending request!"}}
[debug] [2020-11-08T13:56:06.112Z] [runtime-status] [2026] Ephemeral server handling POST request {"metadata":{"emulator":{"name":"functions"},"function":{"name":"api"},"message":"[runtime-status] [2026] Ephemeral server handling POST request"}}
[info] >  Payment Request Received BOOM!!!! for this amount >>> 11999 {"user":"Payment Request Received BOOM!!!! for this amount >>> 11999","metadata":{"emulator":{"name":"functions"},"function":{"name":"api"},"message":"\u001b[90m> \u001b[39m Payment Request Received BOOM!!!! for this amount >>> 11999"}}
[debug] [2020-11-08T13:56:06.121Z] [runtime-status] [2026] Ephemeral server survived. {"metadata":{"emulator":{"name":"functions"},"function":{"name":"api"},"message":"[runtime-status] [2026] Ephemeral server survived."}}
[info] i  functions: Finished "api" in ~1s {"metadata":{"emulator":{"name":"functions"},"function":{"name":"api"},"message":"Finished \"api\" in ~1s"}}
[debug] [2020-11-08T13:56:06.713Z] [worker-api-8863de2c-c63f-4e4c-b8d1-c2685e9d7709]: IDLE {"metadata":{"emulator":{"name":"functions"},"message":"[worker-api-8863de2c-c63f-4e4c-b8d1-c2685e9d7709]: IDLE"}}
[debug] [2020-11-08T13:56:06.713Z] [work-queue] {"queueLength":0,"workRunningCount":0}
[debug] [2020-11-08T13:56:16.626Z] [work-queue] {"queueLength":1,"workRunningCount":0}
[debug] [2020-11-08T13:56:16.627Z] [work-queue] {"queueLength":0,"workRunningCount":1}
[debug] [2020-11-08T13:56:16.627Z] Accepted request POST /clone-fac52/us-central1/api/payments/create?total=0 --> api
[debug] [2020-11-08T13:56:16.627Z] [worker-pool] submitWork(triggerId=api) {"metadata":{"emulator":{"name":"functions"},"message":"[worker-pool] submitWork(triggerId=api)"}}
[debug] [2020-11-08T13:56:16.628Z] [worker-api-8863de2c-c63f-4e4c-b8d1-c2685e9d7709]: Assigning socketPath: /var/folders/w0/b8_5n8b50b775htlh0_32vs40000gn/T/fire_emu_2026.sock {"metadata":{"emulator":{"name":"functions"},"message":"[worker-api-8863de2c-c63f-4e4c-b8d1-c2685e9d7709]: Assigning socketPath: /var/folders/w0/b8_5n8b50b775htlh0_32vs40000gn/T/fire_emu_2026.sock"}}
[debug] [2020-11-08T13:56:16.628Z] [worker-api-8863de2c-c63f-4e4c-b8d1-c2685e9d7709]: BUSY {"metadata":{"emulator":{"name":"functions"},"message":"[worker-api-8863de2c-c63f-4e4c-b8d1-c2685e9d7709]: BUSY"}}
[debug] [2020-11-08T13:56:16.630Z] [runtime-status] [2026] Trigger "api" has been found, beginning invocation! {"metadata":{"emulator":{"name":"functions"},"function":{"name":"api"},"message":"[runtime-status] [2026] Trigger \"api\" has been found, beginning invocation!"}}
[info] i  functions: Beginning execution of "api" {"metadata":{"emulator":{"name":"functions"},"function":{"name":"api"},"message":"Beginning execution of \"api\""}}
[debug] [2020-11-08T13:56:16.631Z] [runtime-status] [2026] triggerDefinition {"httpsTrigger":{},"name":"api","entryPoint":"api"} {"metadata":{"emulator":{"name":"functions"},"function":{"name":"api"},"message":"[runtime-status] [2026] triggerDefinition {\"httpsTrigger\":{},\"name\":\"api\",\"entryPoint\":\"api\"}"}}
[debug] [2020-11-08T13:56:16.631Z] [runtime-status] [2026] Running api in mode HTTPS {"metadata":{"emulator":{"name":"functions"},"function":{"name":"api"},"message":"[runtime-status] [2026] Running api in mode HTTPS"}}
[debug] [2020-11-08T13:56:16.631Z] [runtime-status] [2026] Attempting to listen to socketPath: /var/folders/w0/b8_5n8b50b775htlh0_32vs40000gn/T/fire_emu_2026.sock {"metadata":{"emulator":{"name":"functions"},"function":{"name":"api"},"message":"[runtime-status] [2026] Attempting to listen to socketPath: /var/folders/w0/b8_5n8b50b775htlh0_32vs40000gn/T/fire_emu_2026.sock"}}
[debug] [2020-11-08T13:56:16.632Z] [functions] Runtime ready! Sending request! {"metadata":{"emulator":{"name":"functions"},"message":"[functions] Runtime ready! Sending request!"}}
[debug] [2020-11-08T13:56:16.638Z] [runtime-status] [2026] Ephemeral server handling POST request {"metadata":{"emulator":{"name":"functions"},"function":{"name":"api"},"message":"[runtime-status] [2026] Ephemeral server handling POST request"}}
[info] >  Payment Request Received BOOM!!!! for this amount >>> 0 {"user":"Payment Request Received BOOM!!!! for this amount >>> 0","metadata":{"emulator":{"name":"functions"},"function":{"name":"api"},"message":"\u001b[90m> \u001b[39m Payment Request Received BOOM!!!! for this amount >>> 0"}}
[debug] [2020-11-08T13:56:16.640Z] [runtime-status] [2026] Ephemeral server survived. {"metadata":{"emulator":{"name":"functions"},"function":{"name":"api"},"message":"[runtime-status] [2026] Ephemeral server survived."}}
[info] >  (node:2026) UnhandledPromiseRejectionWarning: Error: This value must be greater than or equal to 1. {"user":"(node:2026) UnhandledPromiseRejectionWarning: Error: This value must be greater than or equal to 1.","metadata":{"emulator":{"name":"functions"},"function":{"name":"api"},"message":"\u001b[90m> \u001b[39m (node:2026) UnhandledPromiseRejectionWarning: Error: This value must be greater than or equal to 1."}}
[info] >      at Function.generate (/Users/noel/amazon-clone/functions/node_modules/stripe/lib/Error.js:39:16) {"user":"    at Function.generate (/Users/noel/amazon-clone/functions/node_modules/stripe/lib/Error.js:39:16)","metadata":{"emulator":{"name":"functions"},"function":{"name":"api"},"message":"\u001b[90m> \u001b[39m     at Function.generate (/Users/noel/amazon-clone/functions/node_modules/stripe/lib/Error.js:39:16)"}}
[info] >      at IncomingMessage.<anonymous> (/Users/noel/amazon-clone/functions/node_modules/stripe/lib/StripeResource.js:190:33) {"user":"    at IncomingMessage.<anonymous> (/Users/noel/amazon-clone/functions/node_modules/stripe/lib/StripeResource.js:190:33)","metadata":{"emulator":{"name":"functions"},"function":{"name":"api"},"message":"\u001b[90m> \u001b[39m     at IncomingMessage.<anonymous> (/Users/noel/amazon-clone/functions/node_modules/stripe/lib/StripeResource.js:190:33)"}}
[info] >      at Object.onceWrapper (events.js:421:28) {"user":"    at Object.onceWrapper (events.js:421:28)","metadata":{"emulator":{"name":"functions"},"function":{"name":"api"},"message":"\u001b[90m> \u001b[39m     at Object.onceWrapper (events.js:421:28)"}}
[info] >      at IncomingMessage.emit (events.js:327:22) {"user":"    at IncomingMessage.emit (events.js:327:22)","metadata":{"emulator":{"name":"functions"},"function":{"name":"api"},"message":"\u001b[90m> \u001b[39m     at IncomingMessage.emit (events.js:327:22)"}}
[info] >      at endReadableNT (_stream_readable.js:1201:12) {"user":"    at endReadableNT (_stream_readable.js:1201:12)","metadata":{"emulator":{"name":"functions"},"function":{"name":"api"},"message":"\u001b[90m> \u001b[39m     at endReadableNT (_stream_readable.js:1201:12)"}}
[info] >      at processTicksAndRejections (internal/process/task_queues.js:84:21) {"user":"    at processTicksAndRejections (internal/process/task_queues.js:84:21)","metadata":{"emulator":{"name":"functions"},"function":{"name":"api"},"message":"\u001b[90m> \u001b[39m     at processTicksAndRejections (internal/process/task_queues.js:84:21)"}}
[info] >  (node:2026) UnhandledPromiseRejectionWarning: Unhandled promise rejection. This error originated either by throwing inside of an async function without a catch block, or by rejecting a promise which was not handled with .catch(). To terminate the node process on unhandled promise rejection, use the CLI flag `--unhandled-rejections=strict` (see https://nodejs.org/api/cli.html#cli_unhandled_rejections_mode). (rejection id: 1) {"user":"(node:2026) UnhandledPromiseRejectionWarning: Unhandled promise rejection. This error originated either by throwing inside of an async function without a catch block, or by rejecting a promise which was not handled with .catch(). To terminate the node process on unhandled promise rejection, use the CLI flag `--unhandled-rejections=strict` (see https://nodejs.org/api/cli.html#cli_unhandled_rejections_mode). (rejection id: 1)","metadata":{"emulator":{"name":"functions"},"function":{"name":"api"},"message":"\u001b[90m> \u001b[39m (node:2026) UnhandledPromiseRejectionWarning: Unhandled promise rejection. This error originated either by throwing inside of an async function without a catch block, or by rejecting a promise which was not handled with .catch(). To terminate the node process on unhandled promise rejection, use the CLI flag `--unhandled-rejections=strict` (see https://nodejs.org/api/cli.html#cli_unhandled_rejections_mode). (rejection id: 1)"}}
[info] >  (node:2026) [DEP0018] DeprecationWarning: Unhandled promise rejections are deprecated. In the future, promise rejections that are not handled will terminate the Node.js process with a non-zero exit code. {"user":"(node:2026) [DEP0018] DeprecationWarning: Unhandled promise rejections are deprecated. In the future, promise rejections that are not handled will terminate the Node.js process with a non-zero exit code.","metadata":{"emulator":{"name":"functions"},"function":{"name":"api"},"message":"\u001b[90m> \u001b[39m (node:2026) [DEP0018] DeprecationWarning: Unhandled promise rejections are deprecated. In the future, promise rejections that are not handled will terminate the Node.js process with a non-zero exit code."}}
[debug] [2020-11-08T13:57:00.977Z] [work-queue] {"queueLength":1,"workRunningCount":1}
[debug] [2020-11-08T13:57:00.977Z] [work-queue] {"queueLength":0,"workRunningCount":2}
[debug] [2020-11-08T13:57:00.977Z] Accepted request POST /clone-fac52/us-central1/api/payments/create?total=14204 --> api
[debug] [2020-11-08T13:57:00.984Z] [worker-pool] addWorker(api) {"metadata":{"emulator":{"name":"functions"},"message":"[worker-pool] addWorker(api)"}}
[debug] [2020-11-08T13:57:00.985Z] [worker-pool] Adding worker with key api, total=2 {"metadata":{"emulator":{"name":"functions"},"message":"[worker-pool] Adding worker with key api, total=2"}}
[debug] [2020-11-08T13:57:00.985Z] [worker-pool] submitWork(triggerId=api) {"metadata":{"emulator":{"name":"functions"},"message":"[worker-pool] submitWork(triggerId=api)"}}
[debug] [2020-11-08T13:57:00.985Z] [worker-api-c5bd5ccb-d9eb-44ca-ab07-8d2aba20cd12]: Assigning socketPath: /var/folders/w0/b8_5n8b50b775htlh0_32vs40000gn/T/fire_emu_2031.sock {"metadata":{"emulator":{"name":"functions"},"message":"[worker-api-c5bd5ccb-d9eb-44ca-ab07-8d2aba20cd12]: Assigning socketPath: /var/folders/w0/b8_5n8b50b775htlh0_32vs40000gn/T/fire_emu_2031.sock"}}
[debug] [2020-11-08T13:57:00.985Z] [worker-api-c5bd5ccb-d9eb-44ca-ab07-8d2aba20cd12]: BUSY {"metadata":{"emulator":{"name":"functions"},"message":"[worker-api-c5bd5ccb-d9eb-44ca-ab07-8d2aba20cd12]: BUSY"}}
[debug] [2020-11-08T13:57:01.491Z] [runtime-status] [2031] Functions runtime initialized. {"cwd":"/Users/noel/amazon-clone/functions","node_version":"13.11.0"} {"metadata":{"emulator":{"name":"functions"},"function":{"name":"api"},"message":"[runtime-status] [2031] Functions runtime initialized. {\"cwd\":\"/Users/noel/amazon-clone/functions\",\"node_version\":\"13.11.0\"}"}}
[debug] [2020-11-08T13:57:01.493Z] [runtime-status] [2031] Disabled runtime features: undefined {"metadata":{"emulator":{"name":"functions"},"function":{"name":"api"},"message":"[runtime-status] [2031] Disabled runtime features: undefined"}}
[debug] [2020-11-08T13:57:01.496Z] [runtime-status] [2031] Resolved module firebase-admin {"declared":true,"installed":true,"version":"8.13.0","resolution":"/Users/noel/amazon-clone/functions/node_modules/firebase-admin/lib/index.js"} {"metadata":{"emulator":{"name":"functions"},"function":{"name":"api"},"message":"[runtime-status] [2031] Resolved module firebase-admin {\"declared\":true,\"installed\":true,\"version\":\"8.13.0\",\"resolution\":\"/Users/noel/amazon-clone/functions/node_modules/firebase-admin/lib/index.js\"}"}}
[debug] [2020-11-08T13:57:01.497Z] [runtime-status] [2031] Resolved module firebase-functions {"declared":true,"installed":true,"version":"3.11.0","resolution":"/Users/noel/amazon-clone/functions/node_modules/firebase-functions/lib/index.js"} {"metadata":{"emulator":{"name":"functions"},"function":{"name":"api"},"message":"[runtime-status] [2031] Resolved module firebase-functions {\"declared\":true,\"installed\":true,\"version\":\"3.11.0\",\"resolution\":\"/Users/noel/amazon-clone/functions/node_modules/firebase-functions/lib/index.js\"}"}}
[debug] [2020-11-08T13:57:01.498Z] [runtime-status] [2031] Resolved module firebase-functions {"declared":true,"installed":true,"version":"3.11.0","resolution":"/Users/noel/amazon-clone/functions/node_modules/firebase-functions/lib/index.js"} {"metadata":{"emulator":{"name":"functions"},"function":{"name":"api"},"message":"[runtime-status] [2031] Resolved module firebase-functions {\"declared\":true,\"installed\":true,\"version\":\"3.11.0\",\"resolution\":\"/Users/noel/amazon-clone/functions/node_modules/firebase-functions/lib/index.js\"}"}}
[debug] [2020-11-08T13:57:01.500Z] [runtime-status] [2031] Outgoing network have been stubbed. [{"name":"http","status":"mocked"},{"name":"http","status":"mocked"},{"name":"https","status":"mocked"},{"name":"https","status":"mocked"},{"name":"net","status":"mocked"}] {"metadata":{"emulator":{"name":"functions"},"function":{"name":"api"},"message":"[runtime-status] [2031] Outgoing network have been stubbed. [{\"name\":\"http\",\"status\":\"mocked\"},{\"name\":\"http\",\"status\":\"mocked\"},{\"name\":\"https\",\"status\":\"mocked\"},{\"name\":\"https\",\"status\":\"mocked\"},{\"name\":\"net\",\"status\":\"mocked\"}]"}}
[debug] [2020-11-08T13:57:01.501Z] [runtime-status] [2031] Resolved module firebase-functions {"declared":true,"installed":true,"version":"3.11.0","resolution":"/Users/noel/amazon-clone/functions/node_modules/firebase-functions/lib/index.js"} {"metadata":{"emulator":{"name":"functions"},"function":{"name":"api"},"message":"[runtime-status] [2031] Resolved module firebase-functions {\"declared\":true,\"installed\":true,\"version\":\"3.11.0\",\"resolution\":\"/Users/noel/amazon-clone/functions/node_modules/firebase-functions/lib/index.js\"}"}}
[debug] [2020-11-08T13:57:01.551Z] [runtime-status] [2031] Checked functions.config() {"config":{}} {"metadata":{"emulator":{"name":"functions"},"function":{"name":"api"},"message":"[runtime-status] [2031] Checked functions.config() {\"config\":{}}"}}
[debug] [2020-11-08T13:57:01.552Z] [runtime-status] [2031] firebase-functions has been stubbed. {"functionsResolution":{"declared":true,"installed":true,"version":"3.11.0","resolution":"/Users/noel/amazon-clone/functions/node_modules/firebase-functions/lib/index.js"}} {"metadata":{"emulator":{"name":"functions"},"function":{"name":"api"},"message":"[runtime-status] [2031] firebase-functions has been stubbed. {\"functionsResolution\":{\"declared\":true,\"installed\":true,\"version\":\"3.11.0\",\"resolution\":\"/Users/noel/amazon-clone/functions/node_modules/firebase-functions/lib/index.js\"}}"}}
[debug] [2020-11-08T13:57:01.552Z] [runtime-status] [2031] Resolved module firebase-functions {"declared":true,"installed":true,"version":"3.11.0","resolution":"/Users/noel/amazon-clone/functions/node_modules/firebase-functions/lib/index.js"} {"metadata":{"emulator":{"name":"functions"},"function":{"name":"api"},"message":"[runtime-status] [2031] Resolved module firebase-functions {\"declared\":true,\"installed\":true,\"version\":\"3.11.0\",\"resolution\":\"/Users/noel/amazon-clone/functions/node_modules/firebase-functions/lib/index.js\"}"}}
[debug] [2020-11-08T13:57:01.553Z] [runtime-status] [2031] Resolved module firebase-admin {"declared":true,"installed":true,"version":"8.13.0","resolution":"/Users/noel/amazon-clone/functions/node_modules/firebase-admin/lib/index.js"} {"metadata":{"emulator":{"name":"functions"},"function":{"name":"api"},"message":"[runtime-status] [2031] Resolved module firebase-admin {\"declared\":true,\"installed\":true,\"version\":\"8.13.0\",\"resolution\":\"/Users/noel/amazon-clone/functions/node_modules/firebase-admin/lib/index.js\"}"}}
[debug] [2020-11-08T13:57:01.553Z] [runtime-status] [2031] Resolved module firebase-functions {"declared":true,"installed":true,"version":"3.11.0","resolution":"/Users/noel/amazon-clone/functions/node_modules/firebase-functions/lib/index.js"} {"metadata":{"emulator":{"name":"functions"},"function":{"name":"api"},"message":"[runtime-status] [2031] Resolved module firebase-functions {\"declared\":true,\"installed\":true,\"version\":\"3.11.0\",\"resolution\":\"/Users/noel/amazon-clone/functions/node_modules/firebase-functions/lib/index.js\"}"}}
[debug] [2020-11-08T13:57:01.553Z] [runtime-status] [2031] firebase-admin has been stubbed. {"adminResolution":{"declared":true,"installed":true,"version":"8.13.0","resolution":"/Users/noel/amazon-clone/functions/node_modules/firebase-admin/lib/index.js"}} {"metadata":{"emulator":{"name":"functions"},"function":{"name":"api"},"message":"[runtime-status] [2031] firebase-admin has been stubbed. {\"adminResolution\":{\"declared\":true,\"installed\":true,\"version\":\"8.13.0\",\"resolution\":\"/Users/noel/amazon-clone/functions/node_modules/firebase-admin/lib/index.js\"}}"}}
[debug] [2020-11-08T13:57:01.718Z] [runtime-status] [2031] Trigger "api" has been found, beginning invocation! {"metadata":{"emulator":{"name":"functions"},"function":{"name":"api"},"message":"[runtime-status] [2031] Trigger \"api\" has been found, beginning invocation!"}}
[info] i  functions: Beginning execution of "api" {"metadata":{"emulator":{"name":"functions"},"function":{"name":"api"},"message":"Beginning execution of \"api\""}}
[debug] [2020-11-08T13:57:01.719Z] [runtime-status] [2031] triggerDefinition {"httpsTrigger":{},"name":"api","entryPoint":"api"} {"metadata":{"emulator":{"name":"functions"},"function":{"name":"api"},"message":"[runtime-status] [2031] triggerDefinition {\"httpsTrigger\":{},\"name\":\"api\",\"entryPoint\":\"api\"}"}}
[debug] [2020-11-08T13:57:01.719Z] [runtime-status] [2031] Running api in mode HTTPS {"metadata":{"emulator":{"name":"functions"},"function":{"name":"api"},"message":"[runtime-status] [2031] Running api in mode HTTPS"}}
[debug] [2020-11-08T13:57:01.722Z] [runtime-status] [2031] Attempting to listen to socketPath: /var/folders/w0/b8_5n8b50b775htlh0_32vs40000gn/T/fire_emu_2031.sock {"metadata":{"emulator":{"name":"functions"},"function":{"name":"api"},"message":"[runtime-status] [2031] Attempting to listen to socketPath: /var/folders/w0/b8_5n8b50b775htlh0_32vs40000gn/T/fire_emu_2031.sock"}}
[debug] [2020-11-08T13:57:01.725Z] [functions] Runtime ready! Sending request! {"metadata":{"emulator":{"name":"functions"},"message":"[functions] Runtime ready! Sending request!"}}
[debug] [2020-11-08T13:57:01.730Z] [runtime-status] [2031] Ephemeral server handling POST request {"metadata":{"emulator":{"name":"functions"},"function":{"name":"api"},"message":"[runtime-status] [2031] Ephemeral server handling POST request"}}
[info] >  Payment Request Received BOOM!!!! for this amount >>> 14204 {"user":"Payment Request Received BOOM!!!! for this amount >>> 14204","metadata":{"emulator":{"name":"functions"},"function":{"name":"api"},"message":"\u001b[90m> \u001b[39m Payment Request Received BOOM!!!! for this amount >>> 14204"}}
[debug] [2020-11-08T13:57:01.741Z] [runtime-status] [2031] Ephemeral server survived. {"metadata":{"emulator":{"name":"functions"},"function":{"name":"api"},"message":"[runtime-status] [2031] Ephemeral server survived."}}
[info] i  functions: Finished "api" in ~1s {"metadata":{"emulator":{"name":"functions"},"function":{"name":"api"},"message":"Finished \"api\" in ~1s"}}
[debug] [2020-11-08T13:57:02.232Z] [worker-api-c5bd5ccb-d9eb-44ca-ab07-8d2aba20cd12]: IDLE {"metadata":{"emulator":{"name":"functions"},"message":"[worker-api-c5bd5ccb-d9eb-44ca-ab07-8d2aba20cd12]: IDLE"}}
[debug] [2020-11-08T13:57:02.232Z] [work-queue] {"queueLength":0,"workRunningCount":1}
[debug] [2020-11-08T13:57:11.421Z] [work-queue] {"queueLength":1,"workRunningCount":1}
[debug] [2020-11-08T13:57:11.421Z] [work-queue] {"queueLength":0,"workRunningCount":2}
[debug] [2020-11-08T13:57:11.421Z] Accepted request POST /clone-fac52/us-central1/api/payments/create?total=0 --> api
[debug] [2020-11-08T13:57:11.421Z] [worker-pool] submitWork(triggerId=api) {"metadata":{"emulator":{"name":"functions"},"message":"[worker-pool] submitWork(triggerId=api)"}}
[debug] [2020-11-08T13:57:11.421Z] [worker-api-c5bd5ccb-d9eb-44ca-ab07-8d2aba20cd12]: Assigning socketPath: /var/folders/w0/b8_5n8b50b775htlh0_32vs40000gn/T/fire_emu_2031.sock {"metadata":{"emulator":{"name":"functions"},"message":"[worker-api-c5bd5ccb-d9eb-44ca-ab07-8d2aba20cd12]: Assigning socketPath: /var/folders/w0/b8_5n8b50b775htlh0_32vs40000gn/T/fire_emu_2031.sock"}}
[debug] [2020-11-08T13:57:11.421Z] [worker-api-c5bd5ccb-d9eb-44ca-ab07-8d2aba20cd12]: BUSY {"metadata":{"emulator":{"name":"functions"},"message":"[worker-api-c5bd5ccb-d9eb-44ca-ab07-8d2aba20cd12]: BUSY"}}
[debug] [2020-11-08T13:57:11.422Z] [runtime-status] [2031] Trigger "api" has been found, beginning invocation! {"metadata":{"emulator":{"name":"functions"},"function":{"name":"api"},"message":"[runtime-status] [2031] Trigger \"api\" has been found, beginning invocation!"}}
[info] i  functions: Beginning execution of "api" {"metadata":{"emulator":{"name":"functions"},"function":{"name":"api"},"message":"Beginning execution of \"api\""}}
[debug] [2020-11-08T13:57:11.423Z] [runtime-status] [2031] triggerDefinition {"httpsTrigger":{},"name":"api","entryPoint":"api"} {"metadata":{"emulator":{"name":"functions"},"function":{"name":"api"},"message":"[runtime-status] [2031] triggerDefinition {\"httpsTrigger\":{},\"name\":\"api\",\"entryPoint\":\"api\"}"}}
[debug] [2020-11-08T13:57:11.423Z] [runtime-status] [2031] Running api in mode HTTPS {"metadata":{"emulator":{"name":"functions"},"function":{"name":"api"},"message":"[runtime-status] [2031] Running api in mode HTTPS"}}
[debug] [2020-11-08T13:57:11.423Z] [runtime-status] [2031] Attempting to listen to socketPath: /var/folders/w0/b8_5n8b50b775htlh0_32vs40000gn/T/fire_emu_2031.sock {"metadata":{"emulator":{"name":"functions"},"function":{"name":"api"},"message":"[runtime-status] [2031] Attempting to listen to socketPath: /var/folders/w0/b8_5n8b50b775htlh0_32vs40000gn/T/fire_emu_2031.sock"}}
[debug] [2020-11-08T13:57:11.423Z] [functions] Runtime ready! Sending request! {"metadata":{"emulator":{"name":"functions"},"message":"[functions] Runtime ready! Sending request!"}}
[debug] [2020-11-08T13:57:11.426Z] [runtime-status] [2031] Ephemeral server handling POST request {"metadata":{"emulator":{"name":"functions"},"function":{"name":"api"},"message":"[runtime-status] [2031] Ephemeral server handling POST request"}}
[info] >  Payment Request Received BOOM!!!! for this amount >>> 0 {"user":"Payment Request Received BOOM!!!! for this amount >>> 0","metadata":{"emulator":{"name":"functions"},"function":{"name":"api"},"message":"\u001b[90m> \u001b[39m Payment Request Received BOOM!!!! for this amount >>> 0"}}
[debug] [2020-11-08T13:57:11.430Z] [runtime-status] [2031] Ephemeral server survived. {"metadata":{"emulator":{"name":"functions"},"function":{"name":"api"},"message":"[runtime-status] [2031] Ephemeral server survived."}}
[info] >  (node:2031) UnhandledPromiseRejectionWarning: Error: This value must be greater than or equal to 1. {"user":"(node:2031) UnhandledPromiseRejectionWarning: Error: This value must be greater than or equal to 1.","metadata":{"emulator":{"name":"functions"},"function":{"name":"api"},"message":"\u001b[90m> \u001b[39m (node:2031) UnhandledPromiseRejectionWarning: Error: This value must be greater than or equal to 1."}}
[info] >      at Function.generate (/Users/noel/amazon-clone/functions/node_modules/stripe/lib/Error.js:39:16) {"user":"    at Function.generate (/Users/noel/amazon-clone/functions/node_modules/stripe/lib/Error.js:39:16)","metadata":{"emulator":{"name":"functions"},"function":{"name":"api"},"message":"\u001b[90m> \u001b[39m     at Function.generate (/Users/noel/amazon-clone/functions/node_modules/stripe/lib/Error.js:39:16)"}}
[info] >      at IncomingMessage.<anonymous> (/Users/noel/amazon-clone/functions/node_modules/stripe/lib/StripeResource.js:190:33) {"user":"    at IncomingMessage.<anonymous> (/Users/noel/amazon-clone/functions/node_modules/stripe/lib/StripeResource.js:190:33)","metadata":{"emulator":{"name":"functions"},"function":{"name":"api"},"message":"\u001b[90m> \u001b[39m     at IncomingMessage.<anonymous> (/Users/noel/amazon-clone/functions/node_modules/stripe/lib/StripeResource.js:190:33)"}}
[info] >      at Object.onceWrapper (events.js:421:28) {"user":"    at Object.onceWrapper (events.js:421:28)","metadata":{"emulator":{"name":"functions"},"function":{"name":"api"},"message":"\u001b[90m> \u001b[39m     at Object.onceWrapper (events.js:421:28)"}}
[info] >      at IncomingMessage.emit (events.js:327:22) {"user":"    at IncomingMessage.emit (events.js:327:22)","metadata":{"emulator":{"name":"functions"},"function":{"name":"api"},"message":"\u001b[90m> \u001b[39m     at IncomingMessage.emit (events.js:327:22)"}}
[info] >      at endReadableNT (_stream_readable.js:1201:12) {"user":"    at endReadableNT (_stream_readable.js:1201:12)","metadata":{"emulator":{"name":"functions"},"function":{"name":"api"},"message":"\u001b[90m> \u001b[39m     at endReadableNT (_stream_readable.js:1201:12)"}}
[info] >      at processTicksAndRejections (internal/process/task_queues.js:84:21) {"user":"    at processTicksAndRejections (internal/process/task_queues.js:84:21)","metadata":{"emulator":{"name":"functions"},"function":{"name":"api"},"message":"\u001b[90m> \u001b[39m     at processTicksAndRejections (internal/process/task_queues.js:84:21)"}}
[info] >  (node:2031) UnhandledPromiseRejectionWarning: Unhandled promise rejection. This error originated either by throwing inside of an async function without a catch block, or by rejecting a promise which was not handled with .catch(). To terminate the node process on unhandled promise rejection, use the CLI flag `--unhandled-rejections=strict` (see https://nodejs.org/api/cli.html#cli_unhandled_rejections_mode). (rejection id: 1) {"user":"(node:2031) UnhandledPromiseRejectionWarning: Unhandled promise rejection. This error originated either by throwing inside of an async function without a catch block, or by rejecting a promise which was not handled with .catch(). To terminate the node process on unhandled promise rejection, use the CLI flag `--unhandled-rejections=strict` (see https://nodejs.org/api/cli.html#cli_unhandled_rejections_mode). (rejection id: 1)","metadata":{"emulator":{"name":"functions"},"function":{"name":"api"},"message":"\u001b[90m> \u001b[39m (node:2031) UnhandledPromiseRejectionWarning: Unhandled promise rejection. This error originated either by throwing inside of an async function without a catch block, or by rejecting a promise which was not handled with .catch(). To terminate the node process on unhandled promise rejection, use the CLI flag `--unhandled-rejections=strict` (see https://nodejs.org/api/cli.html#cli_unhandled_rejections_mode). (rejection id: 1)"}}
[info] >  (node:2031) [DEP0018] DeprecationWarning: Unhandled promise rejections are deprecated. In the future, promise rejections that are not handled will terminate the Node.js process with a non-zero exit code. {"user":"(node:2031) [DEP0018] DeprecationWarning: Unhandled promise rejections are deprecated. In the future, promise rejections that are not handled will terminate the Node.js process with a non-zero exit code.","metadata":{"emulator":{"name":"functions"},"function":{"name":"api"},"message":"\u001b[90m> \u001b[39m (node:2031) [DEP0018] DeprecationWarning: Unhandled promise rejections are deprecated. In the future, promise rejections that are not handled will terminate the Node.js process with a non-zero exit code."}}
[warn] ⚠  functions: Your function timed out after ~60s. To configure this timeout, see
      https://firebase.google.com/docs/functions/manage-functions#set_timeout_and_memory_allocation. {"metadata":{"emulator":{"name":"functions"},"function":{"name":"api"},"message":"Your function timed out after ~60s. To configure this timeout, see\n      https://firebase.google.com/docs/functions/manage-functions#set_timeout_and_memory_allocation."}}
[info] >  /usr/local/lib/node_modules/firebase-tools/lib/emulator/functionsEmulatorRuntime.js:642 {"user":"/usr/local/lib/node_modules/firebase-tools/lib/emulator/functionsEmulatorRuntime.js:642","metadata":{"emulator":{"name":"functions"},"function":{"name":"api"},"message":"\u001b[90m> \u001b[39m /usr/local/lib/node_modules/firebase-tools/lib/emulator/functionsEmulatorRuntime.js:642"}}
[info] >                  throw new Error("Function timed out."); {"user":"                throw new Error(\"Function timed out.\");","metadata":{"emulator":{"name":"functions"},"function":{"name":"api"},"message":"\u001b[90m> \u001b[39m                 throw new Error(\"Function timed out.\");"}}
[info] >                  ^ {"user":"                ^","metadata":{"emulator":{"name":"functions"},"function":{"name":"api"},"message":"\u001b[90m> \u001b[39m                 ^"}}
[info] >   {"user":"","metadata":{"emulator":{"name":"functions"},"function":{"name":"api"},"message":"\u001b[90m> \u001b[39m "}}
[info] >  Error: Function timed out. {"user":"Error: Function timed out.","metadata":{"emulator":{"name":"functions"},"function":{"name":"api"},"message":"\u001b[90m> \u001b[39m Error: Function timed out."}}
[info] >      at Timeout._onTimeout (/usr/local/lib/node_modules/firebase-tools/lib/emulator/functionsEmulatorRuntime.js:642:23) {"user":"    at Timeout._onTimeout (/usr/local/lib/node_modules/firebase-tools/lib/emulator/functionsEmulatorRuntime.js:642:23)","metadata":{"emulator":{"name":"functions"},"function":{"name":"api"},"message":"\u001b[90m> \u001b[39m     at Timeout._onTimeout (/usr/local/lib/node_modules/firebase-tools/lib/emulator/functionsEmulatorRuntime.js:642:23)"}}
[info] >      at listOnTimeout (internal/timers.js:549:17) {"user":"    at listOnTimeout (internal/timers.js:549:17)","metadata":{"emulator":{"name":"functions"},"function":{"name":"api"},"message":"\u001b[90m> \u001b[39m     at listOnTimeout (internal/timers.js:549:17)"}}
[info] >      at processTimers (internal/timers.js:492:7) {"user":"    at processTimers (internal/timers.js:492:7)","metadata":{"emulator":{"name":"functions"},"function":{"name":"api"},"message":"\u001b[90m> \u001b[39m     at processTimers (internal/timers.js:492:7)"}}
[debug] [2020-11-08T13:57:16.650Z] [worker-api-8863de2c-c63f-4e4c-b8d1-c2685e9d7709]: exited {"metadata":{"emulator":{"name":"functions"},"message":"[worker-api-8863de2c-c63f-4e4c-b8d1-c2685e9d7709]: exited"}}
[debug] [2020-11-08T13:57:16.651Z] [worker-api-8863de2c-c63f-4e4c-b8d1-c2685e9d7709]: FINISHED {"metadata":{"emulator":{"name":"functions"},"message":"[worker-api-8863de2c-c63f-4e4c-b8d1-c2685e9d7709]: FINISHED"}}
[debug] [2020-11-08T13:57:16.651Z] [work-queue] {"queueLength":0,"workRunningCount":1}
[warn] ⚠  functions: Your function timed out after ~60s. To configure this timeout, see
      https://firebase.google.com/docs/functions/manage-functions#set_timeout_and_memory_allocation. {"metadata":{"emulator":{"name":"functions"},"function":{"name":"api"},"message":"Your function timed out after ~60s. To configure this timeout, see\n      https://firebase.google.com/docs/functions/manage-functions#set_timeout_and_memory_allocation."}}
[info] >  /usr/local/lib/node_modules/firebase-tools/lib/emulator/functionsEmulatorRuntime.js:642 {"user":"/usr/local/lib/node_modules/firebase-tools/lib/emulator/functionsEmulatorRuntime.js:642","metadata":{"emulator":{"name":"functions"},"function":{"name":"api"},"message":"\u001b[90m> \u001b[39m /usr/local/lib/node_modules/firebase-tools/lib/emulator/functionsEmulatorRuntime.js:642"}}
[info] >                  throw new Error("Function timed out."); {"user":"                throw new Error(\"Function timed out.\");","metadata":{"emulator":{"name":"functions"},"function":{"name":"api"},"message":"\u001b[90m> \u001b[39m                 throw new Error(\"Function timed out.\");"}}
[info] >                  ^ {"user":"                ^","metadata":{"emulator":{"name":"functions"},"function":{"name":"api"},"message":"\u001b[90m> \u001b[39m                 ^"}}
[info] >   {"user":"","metadata":{"emulator":{"name":"functions"},"function":{"name":"api"},"message":"\u001b[90m> \u001b[39m "}}
[info] >  Error: Function timed out. {"user":"Error: Function timed out.","metadata":{"emulator":{"name":"functions"},"function":{"name":"api"},"message":"\u001b[90m> \u001b[39m Error: Function timed out."}}
[info] >      at Timeout._onTimeout (/usr/local/lib/node_modules/firebase-tools/lib/emulator/functionsEmulatorRuntime.js:642:23) {"user":"    at Timeout._onTimeout (/usr/local/lib/node_modules/firebase-tools/lib/emulator/functionsEmulatorRuntime.js:642:23)","metadata":{"emulator":{"name":"functions"},"function":{"name":"api"},"message":"\u001b[90m> \u001b[39m     at Timeout._onTimeout (/usr/local/lib/node_modules/firebase-tools/lib/emulator/functionsEmulatorRuntime.js:642:23)"}}
[info] >      at listOnTimeout (internal/timers.js:549:17) {"user":"    at listOnTimeout (internal/timers.js:549:17)","metadata":{"emulator":{"name":"functions"},"function":{"name":"api"},"message":"\u001b[90m> \u001b[39m     at listOnTimeout (internal/timers.js:549:17)"}}
[info] >      at processTimers (internal/timers.js:492:7) {"user":"    at processTimers (internal/timers.js:492:7)","metadata":{"emulator":{"name":"functions"},"function":{"name":"api"},"message":"\u001b[90m> \u001b[39m     at processTimers (internal/timers.js:492:7)"}}
[debug] [2020-11-08T13:58:11.440Z] [worker-api-c5bd5ccb-d9eb-44ca-ab07-8d2aba20cd12]: exited {"metadata":{"emulator":{"name":"functions"},"message":"[worker-api-c5bd5ccb-d9eb-44ca-ab07-8d2aba20cd12]: exited"}}
[debug] [2020-11-08T13:58:11.440Z] [worker-api-c5bd5ccb-d9eb-44ca-ab07-8d2aba20cd12]: FINISHED {"metadata":{"emulator":{"name":"functions"},"message":"[worker-api-c5bd5ccb-d9eb-44ca-ab07-8d2aba20cd12]: FINISHED"}}
[debug] [2020-11-08T13:58:11.440Z] [work-queue] {"queueLength":0,"workRunningCount":0}
